<?xml version="1.0" encoding="UTF-8"?>
<testsuite name="FailingTest" tests="9" skipped="0" failures="0" errors="0" timestamp="2022-05-10T14:41:26" hostname="techshop-00" time="0.004">
  <properties/>
  <testcase name="test1" classname="FailingTest" time="0.002"/>
  <testcase name="test2" classname="FailingTest" time="0.001"/>
  <testcase name="test3" classname="FailingTest" time="0.0"/>
  <testcase name="test4" classname="FailingTest" time="0.0"/>
  <testcase name="test5" classname="FailingTest" time="0.0"/>
  <testcase name="test6" classname="FailingTest" time="0.0"/>
  <testcase name="test7" classname="FailingTest" time="0.001"/>
  <testcase name="test8" classname="FailingTest" time="0.0"/>
  <testcase name="test9" classname="FailingTest" time="0.0"/>
  <system-out><![CDATA[]]></system-out>
  <system-err><![CDATA[]]></system-err>
</testsuite>
